--- Copying files at Wed Jul 10 19:50:50 -04 2024
INSTALLED plugins/blueocean-core-js.jpi : 1.27.13
INSTALLED plugins/pipeline-model-api.jpi : 2.2203.v89fa_170c2b_f5
INSTALLED plugins/blueocean-git-pipeline.jpi : 1.27.13
INSTALLED plugins/blueocean-pipeline-api-impl.jpi : 1.27.13
INSTALLED plugins/snakeyaml-api.jpi : 2.2-111.vc6598e30cc65
INSTALLED plugins/handy-uri-templates-2-api.jpi : 2.1.8-30.v7e777411b_148
INSTALLED plugins/blueocean-dashboard.jpi : 1.27.13
INSTALLED plugins/blueocean-autofavorite.jpi : 1.2.5
INSTALLED plugins/blueocean-commons.jpi : 1.27.13
INSTALLED plugins/javax-mail-api.jpi : 1.6.2-10
INSTALLED plugins/pipeline-stage-view.jpi : 2.34
INSTALLED plugins/github-api.jpi : 1.318-461.v7a_c09c9fa_d63
INSTALLED plugins/blueocean-rest-impl.jpi : 1.27.13
INSTALLED plugins/blueocean.jpi : 1.27.13
INSTALLED plugins/mailer.jpi : 472.vf7c289a_4b_420
INSTALLED plugins/antisamy-markup-formatter.jpi : 162.v0e6ec0fcfcf6
INSTALLED plugins/jdk-tool.jpi : 73.vddf737284550
INSTALLED plugins/plugin-util-api.jpi : 4.1.0
INSTALLED plugins/pam-auth.jpi : 1.11
INSTALLED plugins/commons-lang3-api.jpi : 3.14.0-76.vda_5591261cfe
INSTALLED plugins/blueocean-jwt.jpi : 1.27.13
INSTALLED plugins/junit.jpi : 1265.v65b_14fa_f12f0
INSTALLED plugins/eddsa-api.jpi : 0.3.0-4.v84c6f0f4969e
INSTALLED plugins/blueocean-personalization.jpi : 1.27.13
INSTALLED plugins/ssh-credentials.jpi : 337.v395d2403ccd4
INSTALLED plugins/bouncycastle-api.jpi : 2.30.1.78.1-248.ve27176eb_46cb_
INSTALLED plugins/pipeline-github-lib.jpi : 61.v629f2cc41d83
INSTALLED plugins/echarts-api.jpi : 5.5.0-1
INSTALLED plugins/ldap.jpi : 725.v3cb_b_711b_1a_ef
INSTALLED plugins/okhttp-api.jpi : 4.11.0-172.vda_da_1feeb_c6e
INSTALLED plugins/pipeline-graph-analysis.jpi : 216.vfd8b_ece330ca_
INSTALLED plugins/timestamper.jpi : 1.27
INSTALLED plugins/build-timeout.jpi : 1.33
INSTALLED plugins/variant.jpi : 60.v7290fc0eb_b_cd
INSTALLED plugins/token-macro.jpi : 400.v35420b_922dcb_
INSTALLED plugins/workflow-basic-steps.jpi : 1058.vcb_fc1e3a_21a_9
INSTALLED plugins/ionicons-api.jpi : 74.v93d5eb_813d5f
INSTALLED plugins/favorite.jpi : 2.218.vd60382506538
INSTALLED plugins/email-ext.jpi : 1814.v404722f34263
INSTALLED plugins/ssh-slaves.jpi : 2.973.v0fa_8c0dea_f9f
INSTALLED plugins/apache-httpcomponents-client-4-api.jpi : 4.5.14-208.v438351942757
INSTALLED plugins/matrix-project.jpi : 832.va_66e270d2946
INSTALLED plugins/json-path-api.jpi : 2.9.0-58.v62e3e85b_a_655
INSTALLED plugins/sse-gateway.jpi : 1.27
INSTALLED plugins/jakarta-activation-api.jpi : 2.1.3-1
INSTALLED plugins/instance-identity.jpi : 185.v303dc7c645f9
INSTALLED plugins/bootstrap5-api.jpi : 5.3.3-1
INSTALLED plugins/pipeline-rest-api.jpi : 2.34
INSTALLED plugins/jaxb.jpi : 2.3.9-1
INSTALLED plugins/workflow-scm-step.jpi : 427.v4ca_6512e7df1
INSTALLED plugins/mina-sshd-api-core.jpi : 2.13.1-117.v2f1a_b_66ff91d
INSTALLED plugins/github-branch-source.jpi : 1789.v5b_0c0cea_18c3
INSTALLED plugins/github.jpi : 1.39.0
INSTALLED plugins/authentication-tokens.jpi : 1.119.v50285141b_7e1
INSTALLED plugins/htmlpublisher.jpi : 1.35
INSTALLED plugins/jackson2-api.jpi : 2.17.0-379.v02de8ec9f64c
INSTALLED plugins/commons-text-api.jpi : 1.12.0-119.v73ef73f2345d
INSTALLED plugins/joda-time-api.jpi : 2.12.7-29.v5a_b_e3a_82269a_
INSTALLED plugins/blueocean-pipeline-editor.jpi : 1.27.13
INSTALLED plugins/pipeline-milestone-step.jpi : 119.vdfdc43fc3b_9a_
INSTALLED plugins/blueocean-events.jpi : 1.27.13
INSTALLED plugins/pipeline-stage-step.jpi : 312.v8cd10304c27a_
INSTALLED plugins/workflow-support.jpi : 920.v59f71ce16f04
INSTALLED plugins/cloudbees-folder.jpi : 6.928.v7c780211d66e
INSTALLED plugins/scm-api.jpi : 690.vfc8b_54395023
INSTALLED plugins/cloudbees-bitbucket-branch-source.jpi : 887.va_d359b_3d2d8d
INSTALLED plugins/pipeline-stage-tags-metadata.jpi : 2.2203.v89fa_170c2b_f5
INSTALLED plugins/workflow-aggregator.jpi : 600.vb_57cdd26fdd7
INSTALLED plugins/jakarta-mail-api.jpi : 2.1.3-1
INSTALLED plugins/pipeline-input-step.jpi : 495.ve9c153f6067b_
INSTALLED plugins/branch-api.jpi : 2.1169.va_f810c56e895
INSTALLED plugins/gson-api.jpi : 2.11.0-41.v019fcf6125dc
INSTALLED plugins/structs.jpi : 338.v848422169819
INSTALLED plugins/pubsub-light.jpi : 1.18
INSTALLED plugins/gradle.jpi : 2.12
INSTALLED plugins/blueocean-bitbucket-pipeline.jpi : 1.27.13
INSTALLED plugins/asm-api.jpi : 9.7-33.v4d23ef79fcc8
INSTALLED plugins/blueocean-pipeline-scm-api.jpi : 1.27.13
INSTALLED plugins/workflow-step-api.jpi : 678.v3ee58b_469476
INSTALLED plugins/jjwt-api.jpi : 0.11.5-112.ve82dfb_224b_a_d
INSTALLED plugins/git.jpi : 5.2.2
INSTALLED plugins/checks-api.jpi : 2.2.0
INSTALLED plugins/workflow-multibranch.jpi : 783.787.v50539468395f
INSTALLED plugins/mina-sshd-api-common.jpi : 2.13.1-117.v2f1a_b_66ff91d
INSTALLED plugins/jquery3-api.jpi : 3.7.1-2
INSTALLED plugins/workflow-api.jpi : 1316.v33eb_726c50b_a_
INSTALLED plugins/pipeline-model-definition.jpi : 2.2203.v89fa_170c2b_f5
INSTALLED plugins/git-client.jpi : 5.0.0
INSTALLED plugins/blueocean-i18n.jpi : 1.27.13
INSTALLED plugins/json-api.jpi : 20240303-41.v94e11e6de726
INSTALLED plugins/caffeine-api.jpi : 3.1.8-133.v17b_1ff2e0599
INSTALLED plugins/font-awesome-api.jpi : 6.5.2-1
INSTALLED plugins/matrix-auth.jpi : 3.2.2
INSTALLED plugins/plain-credentials.jpi : 183.va_de8f1dd5a_2b_
INSTALLED plugins/pipeline-build-step.jpi : 540.vb_e8849e1a_b_d8
INSTALLED plugins/pipeline-model-extensions.jpi : 2.2203.v89fa_170c2b_f5
INSTALLED plugins/blueocean-github-pipeline.jpi : 1.27.13
INSTALLED plugins/workflow-job.jpi : 1400.v7fd111b_ec82f
INSTALLED plugins/pipeline-groovy-lib.jpi : 727.ve832a_9244dfa_
INSTALLED plugins/display-url-api.jpi : 2.204.vf6fddd8a_8b_e9
INSTALLED plugins/trilead-api.jpi : 2.147.vb_73cc728a_32e
INSTALLED plugins/blueocean-display-url.jpi : 2.4.3
INSTALLED plugins/resource-disposer.jpi : 0.23
INSTALLED plugins/blueocean-config.jpi : 1.27.13
INSTALLED plugins/command-launcher.jpi : 107.v773860566e2e
INSTALLED plugins/workflow-durable-task-step.jpi : 1360.v82d13453da_a_f
INSTALLED plugins/blueocean-web.jpi : 1.27.13
INSTALLED plugins/javax-activation-api.jpi : 1.2.0-7
INSTALLED plugins/jenkins-design-language.jpi : 1.27.13
INSTALLED plugins/blueocean-rest.jpi : 1.27.13
INSTALLED plugins/ant.jpi : 497.v94e7d9fffa_b_9
INSTALLED plugins/script-security.jpi : 1341.va_2819b_414686
INSTALLED plugins/credentials-binding.jpi : 681.vf91669a_32e45
INSTALLED plugins/durable-task.jpi : 555.v6802fe0f0b_82
INSTALLED plugins/credentials.jpi : 1361.v56f5ca_35d21c
INSTALLED plugins/workflow-cps.jpi : 3908.vd6b_b_5a_a_54010
--- Copying files at Wed Jul 10 20:01:59 -04 2024
--- Copying files at Wed Jul 10 21:33:36 -04 2024
INSTALLED plugins/docker-build-publish.jpi : 1.4.0
INSTALLED plugins/docker-commons.jpi : 439.va_3cb_0a_6a_fb_29
